# JRE version: OpenJDK Runtime Environment (8.0_212-b04) (build 1.8.0_212-release-1586-b04)
# Java VM: OpenJDK 64-Bit Server VM (25.212-b04 mixed mode windows-amd64 compressed oops)
Heap:
 PSYoungGen      total 195584K, used 53537K [0x00000000e0000000, 0x00000000ee180000, 0x0000000100000000)
  eden space 176128K, 19% used [0x00000000e0000000,0x00000000e2150470,0x00000000eac00000)
  from space 19456K, 99% used [0x00000000eac00000,0x00000000ebef8028,0x00000000ebf00000)
  to   space 18944K, 0% used [0x00000000ebf00000,0x00000000ebf00000,0x00000000ed180000)
 ParOldGen       total 89088K, used 30830K [0x00000000a0000000, 0x00000000a5700000, 0x00000000e0000000)
  object space 89088K, 34% used [0x00000000a0000000,0x00000000a1e1bba0,0x00000000a5700000)
 Metaspace       used 64036K, capacity 66890K, committed 67160K, reserved 1107968K
  class space    used 8695K, capacity 9284K, committed 9304K, reserved 1048576K
GC Heap History (10 events):
Event: 6.904 GC heap before
{Heap before GC invocations=12 (full 2):
 PSYoungGen      total 118272K, used 106496K [0x00000000e0000000, 0x00000000ea780000, 0x0000000100000000)
  eden space 106496K, 100% used [0x00000000e0000000,0x00000000e6800000,0x00000000e6800000)
  from space 11776K, 0% used [0x00000000e6800000,0x00000000e6800000,0x00000000e7380000)
  to   space 12288K, 0% used [0x00000000e9b80000,0x00000000e9b80000,0x00000000ea780000)
 ParOldGen       total 89088K, used 16674K [0x00000000a0000000, 0x00000000a5700000, 0x00000000e0000000)
  object space 89088K, 18% used [0x00000000a0000000,0x00000000a1048980,0x00000000a5700000)
 Metaspace       used 45093K, capacity 46166K, committed 46336K, reserved 1089536K
  class space    used 6055K, capacity 6351K, committed 6400K, reserved 1048576K
Event: 6.918 GC heap after
Heap after GC invocations=12 (full 2):
 PSYoungGen      total 150016K, used 12285K [0x00000000e0000000, 0x00000000ea780000, 0x0000000100000000)
  eden space 137728K, 0% used [0x00000000e0000000,0x00000000e0000000,0x00000000e8680000)
  from space 12288K, 99% used [0x00000000e9b80000,0x00000000ea77f498,0x00000000ea780000)
  to   space 14848K, 0% used [0x00000000e8a80000,0x00000000e8a80000,0x00000000e9900000)
 ParOldGen       total 89088K, used 19136K [0x00000000a0000000, 0x00000000a5700000, 0x00000000e0000000)
  object space 89088K, 21% used [0x00000000a0000000,0x00000000a12b03a8,0x00000000a5700000)
 Metaspace       used 45093K, capacity 46166K, committed 46336K, reserved 1089536K
  class space    used 6055K, capacity 6351K, committed 6400K, reserved 1048576K
}
Event: 9.266 GC heap before
{Heap before GC invocations=13 (full 2):
 PSYoungGen      total 150016K, used 150013K [0x00000000e0000000, 0x00000000ea780000, 0x0000000100000000)
  eden space 137728K, 100% used [0x00000000e0000000,0x00000000e8680000,0x00000000e8680000)
  from space 12288K, 99% used [0x00000000e9b80000,0x00000000ea77f498,0x00000000ea780000)
  to   space 14848K, 0% used [0x00000000e8a80000,0x00000000e8a80000,0x00000000e9900000)
 ParOldGen       total 89088K, used 19136K [0x00000000a0000000, 0x00000000a5700000, 0x00000000e0000000)
  object space 89088K, 21% used [0x00000000a0000000,0x00000000a12b03a8,0x00000000a5700000)
 Metaspace       used 56015K, capacity 57880K, committed 58112K, reserved 1099776K
  class space    used 7711K, capacity 8157K, committed 8192K, reserved 1048576K
Event: 9.293 GC heap after
Heap after GC invocations=13 (full 2):
 PSYoungGen      total 156672K, used 14826K [0x00000000e0000000, 0x00000000ed180000, 0x0000000100000000)
  eden space 141824K, 0% used [0x00000000e0000000,0x00000000e0000000,0x00000000e8a80000)
  from space 14848K, 99% used [0x00000000e8a80000,0x00000000e98fabe8,0x00000000e9900000)
  to   space 18944K, 0% used [0x00000000ebf00000,0x00000000ebf00000,0x00000000ed180000)
 ParOldGen       total 89088K, used 26064K [0x00000000a0000000, 0x00000000a5700000, 0x00000000e0000000)
  object space 89088K, 29% used [0x00000000a0000000,0x00000000a1974008,0x00000000a5700000)
 Metaspace       used 56015K, capacity 57880K, committed 58112K, reserved 1099776K
  class space    used 7711K, capacity 8157K, committed 8192K, reserved 1048576K
}
Event: 9.529 GC heap before
{Heap before GC invocations=14 (full 2):
 PSYoungGen      total 156672K, used 34896K [0x00000000e0000000, 0x00000000ed180000, 0x0000000100000000)
  eden space 141824K, 14% used [0x00000000e0000000,0x00000000e1399508,0x00000000e8a80000)
  from space 14848K, 99% used [0x00000000e8a80000,0x00000000e98fabe8,0x00000000e9900000)
  to   space 18944K, 0% used [0x00000000ebf00000,0x00000000ebf00000,0x00000000ed180000)
 ParOldGen       total 89088K, used 26064K [0x00000000a0000000, 0x00000000a5700000, 0x00000000e0000000)
  object space 89088K, 29% used [0x00000000a0000000,0x00000000a1974008,0x00000000a5700000)
 Metaspace       used 57057K, capacity 59054K, committed 59096K, reserved 1099776K
  class space    used 7900K, capacity 8394K, committed 8408K, reserved 1048576K
Event: 9.541 GC heap after
Heap after GC invocations=14 (full 2):
 PSYoungGen      total 195072K, used 2618K [0x00000000e0000000, 0x00000000ee180000, 0x0000000100000000)
  eden space 176128K, 0% used [0x00000000e0000000,0x00000000e0000000,0x00000000eac00000)
  from space 18944K, 13% used [0x00000000ebf00000,0x00000000ec18e9c8,0x00000000ed180000)
  to   space 19456K, 0% used [0x00000000eac00000,0x00000000eac00000,0x00000000ebf00000)
 ParOldGen       total 89088K, used 34197K [0x00000000a0000000, 0x00000000a5700000, 0x00000000e0000000)
  object space 89088K, 38% used [0x00000000a0000000,0x00000000a2165498,0x00000000a5700000)
 Metaspace       used 57057K, capacity 59054K, committed 59096K, reserved 1099776K
  class space    used 7900K, capacity 8394K, committed 8408K, reserved 1048576K
}
Event: 9.541 GC heap before
{Heap before GC invocations=15 (full 3):
 PSYoungGen      total 195072K, used 2618K [0x00000000e0000000, 0x00000000ee180000, 0x0000000100000000)
  eden space 176128K, 0% used [0x00000000e0000000,0x00000000e0000000,0x00000000eac00000)
  from space 18944K, 13% used [0x00000000ebf00000,0x00000000ec18e9c8,0x00000000ed180000)
  to   space 19456K, 0% used [0x00000000eac00000,0x00000000eac00000,0x00000000ebf00000)
 ParOldGen       total 89088K, used 34197K [0x00000000a0000000, 0x00000000a5700000, 0x00000000e0000000)
  object space 89088K, 38% used [0x00000000a0000000,0x00000000a2165498,0x00000000a5700000)
 Metaspace       used 57057K, capacity 59054K, committed 59096K, reserved 1099776K
  class space    used 7900K, capacity 8394K, committed 8408K, reserved 1048576K
Event: 9.746 GC heap after
Heap after GC invocations=15 (full 3):
 PSYoungGen      total 195072K, used 0K [0x00000000e0000000, 0x00000000ee180000, 0x0000000100000000)
  eden space 176128K, 0% used [0x00000000e0000000,0x00000000e0000000,0x00000000eac00000)
  from space 18944K, 0% used [0x00000000ebf00000,0x00000000ebf00000,0x00000000ed180000)
  to   space 19456K, 0% used [0x00000000eac00000,0x00000000eac00000,0x00000000ebf00000)
 ParOldGen       total 89088K, used 30551K [0x00000000a0000000, 0x00000000a5700000, 0x00000000e0000000)
  object space 89088K, 34% used [0x00000000a0000000,0x00000000a1dd5f10,0x00000000a5700000)
 Metaspace       used 56951K, capacity 58760K, committed 59096K, reserved 1099776K
  class space    used 7868K, capacity 8337K, committed 8408K, reserved 1048576K
}
Event: 12.769 GC heap before
{Heap before GC invocations=16 (full 3):
 PSYoungGen      total 195072K, used 176128K [0x00000000e0000000, 0x00000000ee180000, 0x0000000100000000)
  eden space 176128K, 100% used [0x00000000e0000000,0x00000000eac00000,0x00000000eac00000)
  from space 18944K, 0% used [0x00000000ebf00000,0x00000000ebf00000,0x00000000ed180000)
  to   space 19456K, 0% used [0x00000000eac00000,0x00000000eac00000,0x00000000ebf00000)
 ParOldGen       total 89088K, used 30551K [0x00000000a0000000, 0x00000000a5700000, 0x00000000e0000000)
  object space 89088K, 34% used [0x00000000a0000000,0x00000000a1dd5f10,0x00000000a5700000)
 Metaspace       used 63100K, capacity 65874K, committed 66136K, reserved 1105920K
  class space    used 8606K, capacity 9184K, committed 9304K, reserved 1048576K
Event: 12.797 GC heap after
Heap after GC invocations=16 (full 3):
 PSYoungGen      total 195584K, used 19424K [0x00000000e0000000, 0x00000000ee180000, 0x0000000100000000)
  eden space 176128K, 0% used [0x00000000e0000000,0x00000000e0000000,0x00000000eac00000)
  from space 19456K, 99% used [0x00000000eac00000,0x00000000ebef8028,0x00000000ebf00000)
  to   space 18944K, 0% used [0x00000000ebf00000,0x00000000ebf00000,0x00000000ed180000)
 ParOldGen       total 89088K, used 30830K [0x00000000a0000000, 0x00000000a5700000, 0x00000000e0000000)
  object space 89088K, 34% used [0x00000000a0000000,0x00000000a1e1bba0,0x00000000a5700000)
 Metaspace       used 63100K, capacity 65874K, committed 66136K, reserved 1105920K
  class space    used 8606K, capacity 9184K, committed 9304K, reserved 1048576K
}

