# JRE version: OpenJDK Runtime Environment (8.0_212-b04) (build 1.8.0_212-release-1586-b04)
# Java VM: OpenJDK 64-Bit Server VM (25.212-b04 mixed mode windows-amd64 compressed oops)
Heap:
 PSYoungGen      total 226816K, used 39320K [0x00000000e0000000, 0x00000000f0500000, 0x0000000100000000)
  eden space 206848K, 9% used [0x00000000e0000000,0x00000000e12ee0c0,0x00000000eca00000)
  from space 19968K, 99% used [0x00000000eca00000,0x00000000edd78118,0x00000000edd80000)
  to   space 19456K, 0% used [0x00000000edd80000,0x00000000edd80000,0x00000000ef080000)
 ParOldGen       total 114688K, used 31131K [0x00000000a0000000, 0x00000000a7000000, 0x00000000e0000000)
  object space 114688K, 27% used [0x00000000a0000000,0x00000000a1e66e00,0x00000000a7000000)
 Metaspace       used 65418K, capacity 67816K, committed 68056K, reserved 1107968K
  class space    used 8841K, capacity 9385K, committed 9432K, reserved 1048576K
GC Heap History (10 events):
Event: 11.600 GC heap before
{Heap before GC invocations=12 (full 2):
 PSYoungGen      total 122368K, used 110592K [0x00000000e0000000, 0x00000000ead00000, 0x0000000100000000)
  eden space 110592K, 100% used [0x00000000e0000000,0x00000000e6c00000,0x00000000e6c00000)
  from space 11776K, 0% used [0x00000000e6c00000,0x00000000e6c00000,0x00000000e7780000)
  to   space 12288K, 0% used [0x00000000ea100000,0x00000000ea100000,0x00000000ead00000)
 ParOldGen       total 81408K, used 16636K [0x00000000a0000000, 0x00000000a4f80000, 0x00000000e0000000)
  object space 81408K, 20% used [0x00000000a0000000,0x00000000a103f188,0x00000000a4f80000)
 Metaspace       used 45426K, capacity 46538K, committed 46848K, reserved 1089536K
  class space    used 6089K, capacity 6387K, committed 6400K, reserved 1048576K
Event: 11.613 GC heap after
Heap after GC invocations=12 (full 2):
 PSYoungGen      total 162816K, used 12267K [0x00000000e0000000, 0x00000000eaf80000, 0x0000000100000000)
  eden space 150528K, 0% used [0x00000000e0000000,0x00000000e0000000,0x00000000e9300000)
  from space 12288K, 99% used [0x00000000ea100000,0x00000000eacfac10,0x00000000ead00000)
  to   space 14336K, 0% used [0x00000000e9300000,0x00000000e9300000,0x00000000ea100000)
 ParOldGen       total 81408K, used 18391K [0x00000000a0000000, 0x00000000a4f80000, 0x00000000e0000000)
  object space 81408K, 22% used [0x00000000a0000000,0x00000000a11f5d38,0x00000000a4f80000)
 Metaspace       used 45426K, capacity 46538K, committed 46848K, reserved 1089536K
  class space    used 6089K, capacity 6387K, committed 6400K, reserved 1048576K
}
Event: 14.364 GC heap before
{Heap before GC invocations=13 (full 2):
 PSYoungGen      total 162816K, used 162795K [0x00000000e0000000, 0x00000000eaf80000, 0x0000000100000000)
  eden space 150528K, 100% used [0x00000000e0000000,0x00000000e9300000,0x00000000e9300000)
  from space 12288K, 99% used [0x00000000ea100000,0x00000000eacfac10,0x00000000ead00000)
  to   space 14336K, 0% used [0x00000000e9300000,0x00000000e9300000,0x00000000ea100000)
 ParOldGen       total 81408K, used 18391K [0x00000000a0000000, 0x00000000a4f80000, 0x00000000e0000000)
  object space 81408K, 22% used [0x00000000a0000000,0x00000000a11f5d38,0x00000000a4f80000)
 Metaspace       used 56697K, capacity 58470K, committed 58752K, reserved 1099776K
  class space    used 7817K, capacity 8226K, committed 8320K, reserved 1048576K
Event: 14.403 GC heap after
Heap after GC invocations=13 (full 2):
 PSYoungGen      total 164864K, used 14311K [0x00000000e0000000, 0x00000000ef080000, 0x0000000100000000)
  eden space 150528K, 0% used [0x00000000e0000000,0x00000000e0000000,0x00000000e9300000)
  from space 14336K, 99% used [0x00000000e9300000,0x00000000ea0f9ea0,0x00000000ea100000)
  to   space 19456K, 0% used [0x00000000edd80000,0x00000000edd80000,0x00000000ef080000)
 ParOldGen       total 81408K, used 27276K [0x00000000a0000000, 0x00000000a4f80000, 0x00000000e0000000)
  object space 81408K, 33% used [0x00000000a0000000,0x00000000a1aa32b8,0x00000000a4f80000)
 Metaspace       used 56697K, capacity 58470K, committed 58752K, reserved 1099776K
  class space    used 7817K, capacity 8226K, committed 8320K, reserved 1048576K
}
Event: 14.596 GC heap before
{Heap before GC invocations=14 (full 2):
 PSYoungGen      total 164864K, used 25056K [0x00000000e0000000, 0x00000000ef080000, 0x0000000100000000)
  eden space 150528K, 7% used [0x00000000e0000000,0x00000000e0a7e4a0,0x00000000e9300000)
  from space 14336K, 99% used [0x00000000e9300000,0x00000000ea0f9ea0,0x00000000ea100000)
  to   space 19456K, 0% used [0x00000000edd80000,0x00000000edd80000,0x00000000ef080000)
 ParOldGen       total 81408K, used 27276K [0x00000000a0000000, 0x00000000a4f80000, 0x00000000e0000000)
  object space 81408K, 33% used [0x00000000a0000000,0x00000000a1aa32b8,0x00000000a4f80000)
 Metaspace       used 57162K, capacity 59094K, committed 59096K, reserved 1099776K
  class space    used 7912K, capacity 8408K, committed 8408K, reserved 1048576K
Event: 14.623 GC heap after
Heap after GC invocations=14 (full 2):
 PSYoungGen      total 226304K, used 754K [0x00000000e0000000, 0x00000000f0500000, 0x0000000100000000)
  eden space 206848K, 0% used [0x00000000e0000000,0x00000000e0000000,0x00000000eca00000)
  from space 19456K, 3% used [0x00000000edd80000,0x00000000ede3ca68,0x00000000ef080000)
  to   space 19968K, 0% used [0x00000000eca00000,0x00000000eca00000,0x00000000edd80000)
 ParOldGen       total 81408K, used 36910K [0x00000000a0000000, 0x00000000a4f80000, 0x00000000e0000000)
  object space 81408K, 45% used [0x00000000a0000000,0x00000000a240ba88,0x00000000a4f80000)
 Metaspace       used 57162K, capacity 59094K, committed 59096K, reserved 1099776K
  class space    used 7912K, capacity 8408K, committed 8408K, reserved 1048576K
}
Event: 14.623 GC heap before
{Heap before GC invocations=15 (full 3):
 PSYoungGen      total 226304K, used 754K [0x00000000e0000000, 0x00000000f0500000, 0x0000000100000000)
  eden space 206848K, 0% used [0x00000000e0000000,0x00000000e0000000,0x00000000eca00000)
  from space 19456K, 3% used [0x00000000edd80000,0x00000000ede3ca68,0x00000000ef080000)
  to   space 19968K, 0% used [0x00000000eca00000,0x00000000eca00000,0x00000000edd80000)
 ParOldGen       total 81408K, used 36910K [0x00000000a0000000, 0x00000000a4f80000, 0x00000000e0000000)
  object space 81408K, 45% used [0x00000000a0000000,0x00000000a240ba88,0x00000000a4f80000)
 Metaspace       used 57162K, capacity 59094K, committed 59096K, reserved 1099776K
  class space    used 7912K, capacity 8408K, committed 8408K, reserved 1048576K
Event: 14.903 GC heap after
Heap after GC invocations=15 (full 3):
 PSYoungGen      total 226304K, used 0K [0x00000000e0000000, 0x00000000f0500000, 0x0000000100000000)
  eden space 206848K, 0% used [0x00000000e0000000,0x00000000e0000000,0x00000000eca00000)
  from space 19456K, 0% used [0x00000000edd80000,0x00000000edd80000,0x00000000ef080000)
  to   space 19968K, 0% used [0x00000000eca00000,0x00000000eca00000,0x00000000edd80000)
 ParOldGen       total 114688K, used 30356K [0x00000000a0000000, 0x00000000a7000000, 0x00000000e0000000)
  object space 114688K, 26% used [0x00000000a0000000,0x00000000a1da53b0,0x00000000a7000000)
 Metaspace       used 57108K, capacity 58960K, committed 59096K, reserved 1099776K
  class space    used 7896K, capacity 8379K, committed 8408K, reserved 1048576K
}
Event: 23.066 GC heap before
{Heap before GC invocations=16 (full 3):
 PSYoungGen      total 226304K, used 206848K [0x00000000e0000000, 0x00000000f0500000, 0x0000000100000000)
  eden space 206848K, 100% used [0x00000000e0000000,0x00000000eca00000,0x00000000eca00000)
  from space 19456K, 0% used [0x00000000edd80000,0x00000000edd80000,0x00000000ef080000)
  to   space 19968K, 0% used [0x00000000eca00000,0x00000000eca00000,0x00000000edd80000)
 ParOldGen       total 114688K, used 30356K [0x00000000a0000000, 0x00000000a7000000, 0x00000000e0000000)
  object space 114688K, 26% used [0x00000000a0000000,0x00000000a1da53b0,0x00000000a7000000)
 Metaspace       used 65361K, capacity 67816K, committed 68056K, reserved 1107968K
  class space    used 8840K, capacity 9385K, committed 9432K, reserved 1048576K
Event: 23.098 GC heap after
Heap after GC invocations=16 (full 3):
 PSYoungGen      total 226816K, used 19936K [0x00000000e0000000, 0x00000000f0500000, 0x0000000100000000)
  eden space 206848K, 0% used [0x00000000e0000000,0x00000000e0000000,0x00000000eca00000)
  from space 19968K, 99% used [0x00000000eca00000,0x00000000edd78118,0x00000000edd80000)
  to   space 19456K, 0% used [0x00000000edd80000,0x00000000edd80000,0x00000000ef080000)
 ParOldGen       total 114688K, used 31131K [0x00000000a0000000, 0x00000000a7000000, 0x00000000e0000000)
  object space 114688K, 27% used [0x00000000a0000000,0x00000000a1e66e00,0x00000000a7000000)
 Metaspace       used 65361K, capacity 67816K, committed 68056K, reserved 1107968K
  class space    used 8840K, capacity 9385K, committed 9432K, reserved 1048576K
}

